2022-11-18 21:09:19,584 DEBUG com.cw.userService.configs.JwtRequestFilter [main] Filter 'jwtRequestFilter' configured for use
2022-11-18 21:09:22,315 INFO com.cw.userService.UserServiceApplication [main] Started UserServiceApplication in 6.714 seconds (JVM running for 7.401)
2022-11-18 21:09:27,967 INFO com.cw.userService.controllers.userServiceController [http-nio-8098-exec-1] addRating end point accessed
2022-11-18 21:45:28,700 INFO com.cw.userService.UserServiceApplication [main] Starting UserServiceApplication using Java 18.0.2.1 on DESKTOP-9HEQVES with PID 16740 (C:\ProjectCarWash\userService\target\classes started by win10 in C:\ProjectCarWash\userService)
2022-11-18 21:45:28,704 DEBUG com.cw.userService.UserServiceApplication [main] Running with Spring Boot v2.7.3, Spring v5.3.22
2022-11-18 21:45:28,716 INFO com.cw.userService.UserServiceApplication [main] No active profile set, falling back to 1 default profile: "default"
2022-11-18 21:45:31,848 DEBUG com.cw.userService.configs.JwtRequestFilter [main] Filter 'jwtRequestFilter' configured for use
2022-11-18 21:45:34,216 INFO com.cw.userService.UserServiceApplication [main] Started UserServiceApplication in 6.144 seconds (JVM running for 6.842)
2022-11-18 21:54:58,236 INFO com.cw.userService.controllers.AuthenticateController [http-nio-8098-exec-4] login end point accessed
2022-11-18 21:55:01,320 INFO com.cw.userService.controllers.userServiceController [http-nio-8098-exec-5] see washpacks end point accessed
2022-11-18 21:55:40,874 INFO com.cw.userService.controllers.userServiceController [http-nio-8098-exec-6] addRating end point accessed
2022-11-18 21:59:09,412 INFO com.cw.userService.controllers.userServiceController [http-nio-8098-exec-7] addRating end point accessed
2022-11-18 22:00:31,654 INFO com.cw.userService.UserServiceApplication [main] Starting UserServiceApplication using Java 18.0.2.1 on DESKTOP-9HEQVES with PID 20852 (C:\ProjectCarWash\userService\target\classes started by win10 in C:\ProjectCarWash\userService)
2022-11-18 22:00:31,658 DEBUG com.cw.userService.UserServiceApplication [main] Running with Spring Boot v2.7.3, Spring v5.3.22
2022-11-18 22:00:31,659 INFO com.cw.userService.UserServiceApplication [main] No active profile set, falling back to 1 default profile: "default"
2022-11-18 22:00:34,706 DEBUG com.cw.userService.configs.JwtRequestFilter [main] Filter 'jwtRequestFilter' configured for use
2022-11-18 22:00:37,009 INFO com.cw.userService.UserServiceApplication [main] Started UserServiceApplication in 5.999 seconds (JVM running for 6.649)
2022-11-18 22:01:17,153 INFO com.cw.userService.controllers.userServiceController [http-nio-8098-exec-1] addRating end point accessed
2022-11-18 22:05:50,751 INFO com.cw.userService.controllers.userServiceController [http-nio-8098-exec-3] addRating end point accessed
2022-11-18 22:19:28,339 INFO com.cw.userService.controllers.userServiceController [http-nio-8098-exec-4] see washpacks end point accessed
2022-11-18 22:19:31,916 INFO com.cw.userService.controllers.userServiceController [http-nio-8098-exec-5] get all ratings end point accessed
2022-11-18 22:20:24,928 INFO com.cw.userService.controllers.userServiceController [http-nio-8098-exec-6] addRating end point accessed
2022-11-18 22:22:22,039 INFO com.cw.userService.controllers.userServiceController [http-nio-8098-exec-7] addRating end point accessed
2022-11-18 22:23:19,290 INFO com.cw.userService.UserServiceApplication [main] Starting UserServiceApplication using Java 18.0.2.1 on DESKTOP-9HEQVES with PID 11640 (C:\ProjectCarWash\userService\target\classes started by win10 in C:\ProjectCarWash\userService)
2022-11-18 22:23:19,292 DEBUG com.cw.userService.UserServiceApplication [main] Running with Spring Boot v2.7.3, Spring v5.3.22
2022-11-18 22:23:19,293 INFO com.cw.userService.UserServiceApplication [main] No active profile set, falling back to 1 default profile: "default"
2022-11-18 22:23:22,608 DEBUG com.cw.userService.configs.JwtRequestFilter [main] Filter 'jwtRequestFilter' configured for use
2022-11-18 22:23:25,369 INFO com.cw.userService.UserServiceApplication [main] Started UserServiceApplication in 6.716 seconds (JVM running for 7.44)
2022-11-18 22:44:01,328 INFO com.cw.userService.controllers.userServiceController [http-nio-8098-exec-4] addRating end point accessed
2022-11-18 22:49:15,142 INFO com.cw.userService.controllers.userServiceController [http-nio-8098-exec-5] addRating end point accessed
2022-11-18 22:50:49,079 INFO com.cw.userService.controllers.userServiceController [http-nio-8098-exec-1] get all ratings end point accessed
2022-11-18 22:51:03,360 INFO com.cw.userService.controllers.userServiceController [http-nio-8098-exec-3] see washpacks end point accessed
2022-11-18 23:01:44,481 INFO com.cw.userService.controllers.AuthenticateController [http-nio-8098-exec-9] login end point accessed
2022-11-18 23:01:46,169 INFO com.cw.userService.controllers.userServiceController [http-nio-8098-exec-10] see washpacks end point accessed
2022-11-18 23:01:53,413 INFO com.cw.userService.controllers.userServiceController [http-nio-8098-exec-4] see washpacks end point accessed
