2022-11-23 10:33:03,883 INFO com.cw.userService.UserServiceApplication [main] Starting UserServiceApplication using Java 18.0.2.1 on DESKTOP-9HEQVES with PID 17808 (C:\ProjectCarWash\userService\target\classes started by win10 in C:\ProjectCarWash\userService)
2022-11-23 10:33:04,115 DEBUG com.cw.userService.UserServiceApplication [main] Running with Spring Boot v2.7.3, Spring v5.3.22
2022-11-23 10:33:04,115 INFO com.cw.userService.UserServiceApplication [main] No active profile set, falling back to 1 default profile: "default"
2022-11-23 10:33:10,119 DEBUG com.cw.userService.configs.JwtRequestFilter [main] Filter 'jwtRequestFilter' configured for use
2022-11-23 10:33:15,659 INFO com.cw.userService.UserServiceApplication [main] Started UserServiceApplication in 13.372 seconds (JVM running for 15.374)
2022-11-23 10:38:42,607 INFO com.cw.userService.controllers.userServiceController [http-nio-8098-exec-1] get all ratings end point accessed
2022-11-23 10:41:13,007 INFO com.cw.userService.controllers.userServiceController [http-nio-8098-exec-3] get all ratings end point accessed
2022-11-23 10:42:20,780 INFO com.cw.userService.controllers.userServiceController [http-nio-8098-exec-5] get all ratings end point accessed
2022-11-23 10:42:23,779 INFO com.cw.userService.controllers.userServiceController [http-nio-8098-exec-6] get all ratings end point accessed
2022-11-23 10:42:45,217 INFO com.cw.userService.controllers.AuthenticateController [http-nio-8098-exec-7] login end point accessed
2022-11-23 10:42:46,348 INFO com.cw.userService.controllers.userServiceController [http-nio-8098-exec-8] see washpacks end point accessed
2022-11-23 10:42:50,315 INFO com.cw.userService.controllers.userServiceController [http-nio-8098-exec-9] see washpacks end point accessed
2022-11-23 10:42:54,796 INFO com.cw.userService.controllers.userServiceController [http-nio-8098-exec-10] get all ratings end point accessed
2022-11-23 10:43:07,163 INFO com.cw.userService.controllers.userServiceController [http-nio-8098-exec-1] get all ratings end point accessed
2022-11-23 10:44:19,186 INFO com.cw.userService.controllers.userServiceController [http-nio-8098-exec-3] get all ratings end point accessed
2022-11-23 10:44:26,674 INFO com.cw.userService.controllers.userServiceController [http-nio-8098-exec-5] get all ratings end point accessed
2022-11-23 10:54:03,503 INFO com.cw.userService.controllers.AuthenticateController [http-nio-8098-exec-8] login end point accessed
2022-11-23 10:54:04,399 INFO com.cw.userService.controllers.userServiceController [http-nio-8098-exec-9] see washpacks end point accessed
2022-11-23 10:54:13,788 INFO com.cw.userService.controllers.userServiceController [http-nio-8098-exec-10] see washpacks end point accessed
2022-11-23 10:54:49,154 INFO com.cw.userService.controllers.userServiceController [http-nio-8098-exec-1] add order accessed
2022-11-23 10:55:11,199 INFO com.cw.userService.controllers.userServiceController [http-nio-8098-exec-2] see washpacks end point accessed
2022-11-23 10:55:42,211 INFO com.cw.userService.controllers.userServiceController [http-nio-8098-exec-3] add order accessed
2022-11-23 10:56:04,320 INFO com.cw.userService.controllers.userServiceController [http-nio-8098-exec-4] add order accessed
2022-11-23 12:20:18,170 INFO com.cw.userService.controllers.userServiceController [http-nio-8098-exec-6] get all ratings end point accessed
2022-11-23 12:21:30,485 INFO com.cw.userService.controllers.userServiceController [http-nio-8098-exec-8] get all ratings end point accessed
2022-11-23 12:21:42,520 INFO com.cw.userService.controllers.userServiceController [http-nio-8098-exec-9] get all ratings end point accessed
2022-11-23 14:54:15,668 INFO com.cw.userService.controllers.userServiceController [http-nio-8098-exec-1] get all ratings end point accessed
2022-11-23 16:06:42,871 INFO com.cw.userService.controllers.AuthenticateController [http-nio-8098-exec-3] login end point accessed
2022-11-23 16:08:09,527 INFO com.cw.userService.controllers.AuthenticateController [http-nio-8098-exec-4] login end point accessed
2022-11-23 16:16:26,677 INFO com.cw.userService.controllers.AuthenticateController [http-nio-8098-exec-5] login end point accessed
2022-11-23 16:16:30,660 INFO com.cw.userService.controllers.userServiceController [http-nio-8098-exec-6] see washpacks end point accessed
2022-11-23 16:16:42,776 INFO com.cw.userService.controllers.userServiceController [http-nio-8098-exec-7] see washpacks end point accessed
2022-11-23 16:17:05,176 INFO com.cw.userService.controllers.userServiceController [http-nio-8098-exec-8] see washpacks end point accessed
2022-11-23 16:17:54,217 INFO com.cw.userService.controllers.userServiceController [http-nio-8098-exec-9] see washpacks end point accessed
2022-11-23 16:18:26,276 INFO com.cw.userService.controllers.userServiceController [http-nio-8098-exec-10] add order accessed
2022-11-23 16:18:49,909 INFO com.cw.userService.controllers.userServiceController [http-nio-8098-exec-1] cancel order accessed
2022-11-23 16:20:32,100 INFO com.cw.userService.controllers.userServiceController [http-nio-8098-exec-3] addRating end point accessed
