2022-11-21 17:45:50,340 INFO com.cw.userService.controllers.userServiceController [http-nio-8098-exec-7] get all ratings end point accessed
2022-11-21 17:51:13,146 INFO com.cw.userService.controllers.AuthenticateController [http-nio-8098-exec-10] login end point accessed
2022-11-21 17:51:13,922 INFO com.cw.userService.controllers.userServiceController [http-nio-8098-exec-2] see washpacks end point accessed
2022-11-21 17:51:20,557 INFO com.cw.userService.controllers.userServiceController [http-nio-8098-exec-3] see washpacks end point accessed
2022-11-21 17:51:54,892 INFO com.cw.userService.controllers.userServiceController [http-nio-8098-exec-4] add order accessed
2022-11-21 17:52:31,355 INFO com.cw.userService.controllers.userServiceController [http-nio-8098-exec-9] cancel order accessed
2022-11-21 17:53:09,103 INFO com.cw.userService.controllers.userServiceController [http-nio-8098-exec-6] addRating end point accessed
2022-11-21 17:53:23,590 INFO com.cw.userService.controllers.userServiceController [http-nio-8098-exec-8] get all ratings end point accessed
2022-11-21 17:53:31,399 INFO com.cw.userService.controllers.userServiceController [http-nio-8098-exec-5] see washpacks end point accessed
2022-11-21 17:54:17,989 INFO com.cw.userService.controllers.userServiceController [http-nio-8098-exec-7] get all ratings end point accessed
2022-11-21 17:55:16,929 INFO com.cw.userService.controllers.userServiceController [http-nio-8098-exec-1] get all ratings end point accessed
2022-11-21 17:55:23,308 INFO com.cw.userService.controllers.userServiceController [http-nio-8098-exec-10] get all ratings end point accessed
2022-11-21 17:55:41,469 INFO com.cw.userService.controllers.userServiceController [http-nio-8098-exec-3] get all ratings end point accessed
2022-11-21 18:15:19,383 INFO com.cw.userService.controllers.userServiceController [http-nio-8098-exec-9] get all ratings end point accessed
2022-11-21 18:15:39,801 INFO com.cw.userService.controllers.AuthenticateController [http-nio-8098-exec-6] login end point accessed
2022-11-21 18:15:40,878 INFO com.cw.userService.controllers.userServiceController [http-nio-8098-exec-8] see washpacks end point accessed
2022-11-21 18:16:51,541 INFO com.cw.userService.controllers.userServiceController [http-nio-8098-exec-7] see washpacks end point accessed
2022-11-21 18:18:45,522 INFO com.cw.userService.controllers.userServiceController [http-nio-8098-exec-10] get all ratings end point accessed
2022-11-21 18:25:26,869 INFO com.cw.userService.controllers.AuthenticateController [http-nio-8098-exec-3] login end point accessed
2022-11-21 18:25:27,766 INFO com.cw.userService.controllers.userServiceController [http-nio-8098-exec-4] see washpacks end point accessed
2022-11-21 18:25:57,867 INFO com.cw.userService.controllers.userServiceController [http-nio-8098-exec-1] see washpacks end point accessed
2022-11-21 18:26:35,531 INFO com.cw.userService.controllers.userServiceController [http-nio-8098-exec-10] add order accessed
2022-11-21 18:26:56,300 INFO com.cw.userService.controllers.userServiceController [http-nio-8098-exec-2] cancel order accessed
2022-11-21 18:27:23,739 INFO com.cw.userService.controllers.userServiceController [http-nio-8098-exec-3] cancel order accessed
2022-11-21 18:27:58,222 INFO com.cw.userService.controllers.userServiceController [http-nio-8098-exec-4] addRating end point accessed
2022-11-21 18:28:15,832 INFO com.cw.userService.controllers.userServiceController [http-nio-8098-exec-5] get all ratings end point accessed
2022-11-21 18:28:24,885 INFO com.cw.userService.controllers.userServiceController [http-nio-8098-exec-8] see washpacks end point accessed
2022-11-21 18:28:28,923 INFO com.cw.userService.controllers.userServiceController [http-nio-8098-exec-6] get all ratings end point accessed
2022-11-21 18:29:27,507 INFO com.cw.userService.controllers.userServiceController [http-nio-8098-exec-9] get all ratings end point accessed
2022-11-21 18:29:49,410 INFO com.cw.userService.controllers.userServiceController [http-nio-8098-exec-10] get all ratings end point accessed
2022-11-21 18:31:47,197 INFO com.cw.userService.controllers.userServiceController [http-nio-8098-exec-5] get all ratings end point accessed
2022-11-21 18:32:20,210 INFO com.cw.userService.controllers.userServiceController [http-nio-8098-exec-8] get all ratings end point accessed
