2022-11-15 18:03:36,724 DEBUG com.cw.userService.configs.JwtRequestFilter [main] Filter 'jwtRequestFilter' configured for use
2022-11-15 18:03:39,618 INFO com.cw.userService.UserServiceApplication [main] Started UserServiceApplication in 7.746 seconds (JVM running for 8.478)
2022-11-15 18:04:38,523 INFO com.cw.userService.controllers.userServiceController [http-nio-8098-exec-1] get all ratings end point accessed
2022-11-15 18:07:28,719 INFO com.cw.userService.UserServiceApplication [main] Starting UserServiceApplication using Java 18.0.2.1 on DESKTOP-9HEQVES with PID 19660 (C:\ProjectCarWash\userService\target\classes started by win10 in C:\ProjectCarWash\userService)
2022-11-15 18:07:28,722 DEBUG com.cw.userService.UserServiceApplication [main] Running with Spring Boot v2.7.3, Spring v5.3.22
2022-11-15 18:07:28,732 INFO com.cw.userService.UserServiceApplication [main] No active profile set, falling back to 1 default profile: "default"
2022-11-15 18:07:32,111 DEBUG com.cw.userService.configs.JwtRequestFilter [main] Filter 'jwtRequestFilter' configured for use
2022-11-15 18:07:34,839 INFO com.cw.userService.UserServiceApplication [main] Started UserServiceApplication in 6.823 seconds (JVM running for 7.519)
2022-11-15 18:08:39,972 INFO com.cw.userService.controllers.userServiceController [http-nio-8098-exec-2] get all ratings end point accessed
2022-11-15 18:11:23,074 INFO com.cw.userService.controllers.userServiceController [http-nio-8098-exec-4] get all ratings end point accessed
2022-11-15 18:13:10,125 INFO com.cw.userService.controllers.userServiceController [http-nio-8098-exec-6] get all ratings end point accessed
2022-11-15 18:13:14,851 INFO com.cw.userService.controllers.userServiceController [http-nio-8098-exec-7] get all ratings end point accessed
2022-11-15 18:13:48,995 INFO com.cw.userService.controllers.userServiceController [http-nio-8098-exec-8] get all ratings end point accessed
2022-11-15 18:15:16,646 INFO com.cw.userService.controllers.userServiceController [http-nio-8098-exec-1] get all ratings end point accessed
2022-11-15 18:15:25,515 INFO com.cw.userService.controllers.userServiceController [http-nio-8098-exec-2] get all ratings end point accessed
2022-11-15 18:32:09,367 INFO com.cw.userService.controllers.userServiceController [http-nio-8098-exec-4] get all ratings end point accessed
2022-11-15 18:32:55,552 INFO com.cw.userService.controllers.userServiceController [http-nio-8098-exec-5] get all ratings end point accessed
2022-11-15 18:33:06,443 INFO com.cw.userService.controllers.userServiceController [http-nio-8098-exec-6] get all ratings end point accessed
2022-11-15 18:33:33,354 INFO com.cw.userService.controllers.userServiceController [http-nio-8098-exec-7] get all ratings end point accessed
2022-11-15 18:37:24,239 INFO com.cw.userService.controllers.userServiceController [http-nio-8098-exec-9] get all ratings end point accessed
2022-11-15 18:38:36,850 INFO com.cw.userService.controllers.userServiceController [http-nio-8098-exec-1] get all ratings end point accessed
2022-11-15 18:38:51,294 INFO com.cw.userService.controllers.userServiceController [http-nio-8098-exec-2] get all ratings end point accessed
2022-11-15 18:39:17,629 INFO com.cw.userService.controllers.userServiceController [http-nio-8098-exec-3] get all ratings end point accessed
2022-11-15 18:39:32,404 INFO com.cw.userService.controllers.userServiceController [http-nio-8098-exec-4] get all ratings end point accessed
2022-11-15 18:39:40,122 INFO com.cw.userService.controllers.userServiceController [http-nio-8098-exec-5] get all ratings end point accessed
2022-11-15 18:39:57,484 INFO com.cw.userService.controllers.userServiceController [http-nio-8098-exec-6] get all ratings end point accessed
2022-11-15 18:40:07,930 INFO com.cw.userService.controllers.userServiceController [http-nio-8098-exec-7] get all ratings end point accessed
2022-11-15 18:40:22,266 INFO com.cw.userService.controllers.userServiceController [http-nio-8098-exec-8] get all ratings end point accessed
2022-11-15 18:40:32,994 INFO com.cw.userService.controllers.userServiceController [http-nio-8098-exec-9] get all ratings end point accessed
2022-11-15 18:40:38,575 INFO com.cw.userService.controllers.userServiceController [http-nio-8098-exec-10] get all ratings end point accessed
2022-11-15 18:50:52,307 INFO com.cw.userService.controllers.userServiceController [http-nio-8098-exec-2] get all ratings end point accessed
2022-11-15 18:51:09,957 INFO com.cw.userService.controllers.userServiceController [http-nio-8098-exec-3] get all ratings end point accessed
2022-11-15 18:51:31,167 INFO com.cw.userService.controllers.userServiceController [http-nio-8098-exec-4] get all ratings end point accessed
2022-11-15 18:51:55,619 INFO com.cw.userService.controllers.userServiceController [http-nio-8098-exec-5] get all ratings end point accessed
2022-11-15 18:52:08,527 INFO com.cw.userService.controllers.userServiceController [http-nio-8098-exec-6] get all ratings end point accessed
2022-11-15 18:53:00,460 INFO com.cw.userService.controllers.userServiceController [http-nio-8098-exec-7] get all ratings end point accessed
