2022-11-21 12:06:55,163 INFO com.cw.washer.WasherApplication [main] Starting WasherApplication using Java 18.0.2.1 on DESKTOP-9HEQVES with PID 18032 (C:\ProjectCarWash\washer\target\classes started by win10 in C:\ProjectCarWash\washer)
2022-11-21 12:06:55,331 DEBUG com.cw.washer.WasherApplication [main] Running with Spring Boot v2.7.3, Spring v5.3.22
2022-11-21 12:06:55,335 INFO com.cw.washer.WasherApplication [main] No active profile set, falling back to 1 default profile: "default"
2022-11-21 12:07:06,820 DEBUG com.cw.washer.configs.JwtRequestFilter [main] Filter 'jwtRequestFilter' configured for use
2022-11-21 12:07:17,650 INFO com.cw.washer.WasherApplication [main] Started WasherApplication in 25.13 seconds (JVM running for 28.384)
2022-11-21 13:26:20,046 INFO com.cw.washer.controller.AuthenticateController [http-nio-8094-exec-1] login endpoint accessed 
2022-11-21 13:27:32,789 INFO com.cw.washer.controller.AuthenticateController [http-nio-8094-exec-2] login endpoint accessed 
2022-11-21 13:30:59,100 INFO com.cw.washer.controller.AuthenticateController [http-nio-8094-exec-4] login endpoint accessed 
2022-11-21 13:31:38,944 INFO com.cw.washer.controller.AuthenticateController [http-nio-8094-exec-5] login endpoint accessed 
2022-11-21 13:32:44,344 INFO com.cw.washer.controller.AuthenticateController [http-nio-8094-exec-6] login endpoint accessed 
2022-11-21 13:33:15,028 INFO com.cw.washer.controller.AuthenticateController [http-nio-8094-exec-7] login endpoint accessed 
2022-11-21 13:34:13,240 INFO com.cw.washer.controller.AuthenticateController [http-nio-8094-exec-8] login endpoint accessed 
2022-11-21 13:34:30,644 INFO com.cw.washer.controller.AuthenticateController [http-nio-8094-exec-9] login endpoint accessed 
2022-11-21 13:35:36,572 INFO com.cw.washer.controller.washerController [http-nio-8094-exec-1] getUnassiedOrders end point is accessed
2022-11-21 13:36:14,206 INFO com.cw.washer.controller.washerController [http-nio-8094-exec-2] getUnassiedOrders end point is accessed
2022-11-21 13:38:42,780 INFO com.cw.washer.WasherApplication [main] Starting WasherApplication using Java 18.0.2.1 on DESKTOP-9HEQVES with PID 11236 (C:\ProjectCarWash\washer\target\classes started by win10 in C:\ProjectCarWash\washer)
2022-11-21 13:38:42,783 DEBUG com.cw.washer.WasherApplication [main] Running with Spring Boot v2.7.3, Spring v5.3.22
2022-11-21 13:38:42,784 INFO com.cw.washer.WasherApplication [main] No active profile set, falling back to 1 default profile: "default"
2022-11-21 13:38:47,126 DEBUG com.cw.washer.configs.JwtRequestFilter [main] Filter 'jwtRequestFilter' configured for use
2022-11-21 13:38:50,265 INFO com.cw.washer.WasherApplication [main] Started WasherApplication in 8.254 seconds (JVM running for 9.539)
2022-11-21 13:39:15,747 INFO com.cw.washer.controller.washerController [http-nio-8094-exec-1] getUnassiedOrders end point is accessed
2022-11-21 13:39:44,252 INFO com.cw.washer.controller.washerController [http-nio-8094-exec-2] getUnassiedOrders end point is accessed
2022-11-21 13:55:28,777 INFO com.cw.washer.WasherApplication [main] Starting WasherApplication using Java 18.0.2.1 on DESKTOP-9HEQVES with PID 14460 (C:\ProjectCarWash\washer\target\classes started by win10 in C:\ProjectCarWash\washer)
2022-11-21 13:55:28,781 DEBUG com.cw.washer.WasherApplication [main] Running with Spring Boot v2.7.3, Spring v5.3.22
2022-11-21 13:55:28,782 INFO com.cw.washer.WasherApplication [main] No active profile set, falling back to 1 default profile: "default"
2022-11-21 13:55:32,489 DEBUG com.cw.washer.configs.JwtRequestFilter [main] Filter 'jwtRequestFilter' configured for use
2022-11-21 13:55:35,360 INFO com.cw.washer.WasherApplication [main] Started WasherApplication in 7.305 seconds (JVM running for 8.362)
2022-11-21 13:56:04,338 INFO com.cw.washer.controller.AuthenticateController [http-nio-8094-exec-1] login endpoint accessed 
2022-11-21 13:56:08,033 INFO com.cw.washer.controller.washerController [http-nio-8094-exec-2] pendingOrders end point is accessed
2022-11-21 14:37:18,437 INFO com.cw.washer.WasherApplication [main] Starting WasherApplication using Java 18.0.2.1 on DESKTOP-9HEQVES with PID 1904 (C:\ProjectCarWash\washer\target\classes started by win10 in C:\ProjectCarWash\washer)
2022-11-21 14:37:18,443 DEBUG com.cw.washer.WasherApplication [main] Running with Spring Boot v2.7.3, Spring v5.3.22
2022-11-21 14:37:18,444 INFO com.cw.washer.WasherApplication [main] No active profile set, falling back to 1 default profile: "default"
2022-11-21 14:37:22,568 DEBUG com.cw.washer.configs.JwtRequestFilter [main] Filter 'jwtRequestFilter' configured for use
2022-11-21 14:37:25,750 INFO com.cw.washer.WasherApplication [main] Started WasherApplication in 8.19 seconds (JVM running for 9.079)
2022-11-21 14:48:03,941 INFO com.cw.washer.controller.AuthenticateController [http-nio-8094-exec-2] login endpoint accessed 
2022-11-21 14:52:15,465 INFO com.cw.washer.WasherApplication [main] Starting WasherApplication using Java 18.0.2.1 on DESKTOP-9HEQVES with PID 11136 (C:\ProjectCarWash\washer\target\classes started by win10 in C:\ProjectCarWash\washer)
2022-11-21 14:52:15,469 DEBUG com.cw.washer.WasherApplication [main] Running with Spring Boot v2.7.3, Spring v5.3.22
2022-11-21 14:52:15,470 INFO com.cw.washer.WasherApplication [main] No active profile set, falling back to 1 default profile: "default"
