2022-11-18 22:18:44,370 DEBUG com.cw.washer.configs.JwtRequestFilter [main] Filter 'jwtRequestFilter' configured for use
2022-11-18 22:18:46,787 INFO com.cw.washer.WasherApplication [main] Started WasherApplication in 6.056 seconds (JVM running for 6.721)
2022-11-18 22:22:00,131 INFO com.cw.washer.WasherApplication [main] Starting WasherApplication using Java 18.0.2.1 on DESKTOP-9HEQVES with PID 20168 (C:\ProjectCarWash\washer\target\classes started by win10 in C:\ProjectCarWash\washer)
2022-11-18 22:22:00,133 DEBUG com.cw.washer.WasherApplication [main] Running with Spring Boot v2.7.3, Spring v5.3.22
2022-11-18 22:22:00,135 INFO com.cw.washer.WasherApplication [main] No active profile set, falling back to 1 default profile: "default"
2022-11-18 22:22:03,561 DEBUG com.cw.washer.configs.JwtRequestFilter [main] Filter 'jwtRequestFilter' configured for use
2022-11-18 22:22:06,269 INFO com.cw.washer.WasherApplication [main] Started WasherApplication in 6.765 seconds (JVM running for 7.414)
2022-11-18 22:42:53,504 INFO com.cw.washer.WasherApplication [main] Starting WasherApplication using Java 18.0.2.1 on DESKTOP-9HEQVES with PID 22408 (C:\ProjectCarWash\washer\target\classes started by win10 in C:\ProjectCarWash\washer)
2022-11-18 22:42:53,506 DEBUG com.cw.washer.WasherApplication [main] Running with Spring Boot v2.7.3, Spring v5.3.22
2022-11-18 22:42:53,506 INFO com.cw.washer.WasherApplication [main] No active profile set, falling back to 1 default profile: "default"
2022-11-18 22:42:58,404 DEBUG com.cw.washer.configs.JwtRequestFilter [main] Filter 'jwtRequestFilter' configured for use
2022-11-18 22:43:00,854 INFO com.cw.washer.WasherApplication [main] Started WasherApplication in 7.99 seconds (JVM running for 8.623)
2022-11-18 22:53:55,987 INFO com.cw.washer.WasherApplication [main] Starting WasherApplication using Java 18.0.2.1 on DESKTOP-9HEQVES with PID 15476 (C:\ProjectCarWash\washer\target\classes started by win10 in C:\ProjectCarWash\washer)
2022-11-18 22:53:55,990 DEBUG com.cw.washer.WasherApplication [main] Running with Spring Boot v2.7.3, Spring v5.3.22
2022-11-18 22:53:55,990 INFO com.cw.washer.WasherApplication [main] No active profile set, falling back to 1 default profile: "default"
2022-11-18 22:53:59,467 DEBUG com.cw.washer.configs.JwtRequestFilter [main] Filter 'jwtRequestFilter' configured for use
2022-11-18 22:54:02,208 INFO com.cw.washer.WasherApplication [main] Started WasherApplication in 6.841 seconds (JVM running for 7.508)
2022-11-18 22:55:24,073 INFO com.cw.washer.WasherApplication [main] Starting WasherApplication using Java 18.0.2.1 on DESKTOP-9HEQVES with PID 22052 (C:\ProjectCarWash\washer\target\classes started by win10 in C:\ProjectCarWash\washer)
2022-11-18 22:55:24,076 DEBUG com.cw.washer.WasherApplication [main] Running with Spring Boot v2.7.3, Spring v5.3.22
2022-11-18 22:55:24,076 INFO com.cw.washer.WasherApplication [main] No active profile set, falling back to 1 default profile: "default"
2022-11-18 22:55:27,175 DEBUG com.cw.washer.configs.JwtRequestFilter [main] Filter 'jwtRequestFilter' configured for use
2022-11-18 22:55:29,515 INFO com.cw.washer.WasherApplication [main] Started WasherApplication in 6.074 seconds (JVM running for 6.702)
