2022-11-18 18:48:28,898 INFO com.cw.springsecurityjwt.controllers.adminController [http-nio-8101-exec-1] find all washpacks end point accessed
2022-11-18 18:51:38,208 INFO com.cw.springsecurityjwt.controllers.adminController [http-nio-8101-exec-4] find all washpacks end point accessed
2022-11-18 18:52:09,502 INFO com.cw.springsecurityjwt.controllers.adminController [http-nio-8101-exec-5] find all washpacks end point accessed
2022-11-18 18:52:34,495 INFO com.cw.springsecurityjwt.controllers.adminController [http-nio-8101-exec-6] find all washpacks end point accessed
2022-11-18 18:52:56,675 INFO com.cw.springsecurityjwt.controllers.adminController [http-nio-8101-exec-8] find all washpacks end point accessed
2022-11-18 18:55:58,529 INFO com.cw.springsecurityjwt.controllers.adminController [http-nio-8101-exec-9] find all washpacks end point accessed
2022-11-18 18:57:11,483 INFO com.cw.springsecurityjwt.controllers.adminController [http-nio-8101-exec-1] find one washpack by id end point accessed
2022-11-18 18:57:11,490 INFO com.cw.springsecurityjwt.controllers.adminController [http-nio-8101-exec-3] find all washpacks end point accessed
2022-11-18 18:57:27,573 INFO com.cw.springsecurityjwt.controllers.adminController [http-nio-8101-exec-2] find all washpacks end point accessed
2022-11-18 20:23:50,607 INFO com.cw.springsecurityjwt.controllers.adminController [http-nio-8101-exec-8] find all washpacks end point accessed
2022-11-18 21:55:01,685 INFO com.cw.springsecurityjwt.controllers.adminController [http-nio-8101-exec-9] find all washpacks end point accessed
2022-11-18 22:19:28,436 INFO com.cw.springsecurityjwt.controllers.adminController [http-nio-8101-exec-1] find all washpacks end point accessed
2022-11-18 22:51:03,423 INFO com.cw.springsecurityjwt.controllers.adminController [http-nio-8101-exec-4] find all washpacks end point accessed
2022-11-18 22:51:03,621 INFO com.cw.springsecurityjwt.controllers.adminController [http-nio-8101-exec-2] find one washpack by id end point accessed
2022-11-18 23:01:46,202 INFO com.cw.springsecurityjwt.controllers.adminController [http-nio-8101-exec-7] find all washpacks end point accessed
2022-11-18 23:01:53,412 INFO com.cw.springsecurityjwt.controllers.adminController [http-nio-8101-exec-9] find one washpack by id end point accessed
2022-11-18 23:01:53,428 INFO com.cw.springsecurityjwt.controllers.adminController [http-nio-8101-exec-10] find all washpacks end point accessed
2022-11-18 23:02:10,862 INFO com.cw.springsecurityjwt.controllers.adminController [http-nio-8101-exec-1] find cost by washpack name end point accessed
2022-11-18 23:04:54,187 INFO com.cw.springsecurityjwt.controllers.adminController [http-nio-8101-exec-4] find all washpacks end point accessed
2022-11-18 23:08:12,963 INFO com.cw.springsecurityjwt.controllers.adminController [http-nio-8101-exec-6] find all washpacks end point accessed
2022-11-18 23:08:18,472 INFO com.cw.springsecurityjwt.controllers.adminController [http-nio-8101-exec-8] find one washpack by id end point accessed
2022-11-18 23:08:18,493 INFO com.cw.springsecurityjwt.controllers.adminController [http-nio-8101-exec-7] find all washpacks end point accessed
2022-11-18 23:11:12,085 INFO com.cw.springsecurityjwt.controllers.adminController [http-nio-8101-exec-10] find all washpacks end point accessed
2022-11-18 23:17:38,377 INFO com.cw.springsecurityjwt.controllers.adminController [http-nio-8101-exec-3] find all washpacks end point accessed
2022-11-18 23:17:58,809 INFO com.cw.springsecurityjwt.controllers.AuthenticateController [http-nio-8101-exec-2] login end point accessed
2022-11-18 23:18:01,446 INFO com.cw.springsecurityjwt.controllers.adminController [http-nio-8101-exec-4] find all washpacks end point accessed
2022-11-18 23:18:52,728 INFO com.cw.springsecurityjwt.controllers.adminController [http-nio-8101-exec-5] find unassigned end point accessed
2022-11-18 23:19:23,197 INFO com.cw.springsecurityjwt.controllers.adminController [http-nio-8101-exec-6] find unassigned end point accessed
2022-11-18 23:19:53,144 INFO com.cw.springsecurityjwt.controllers.adminController [http-nio-8101-exec-8] find unassigned end point accessed
2022-11-18 23:26:17,892 INFO com.cw.springsecurityjwt.controllers.adminController [http-nio-8101-exec-8] find unassigned end point accessed
2022-11-18 23:26:57,562 INFO com.cw.springsecurityjwt.controllers.adminController [http-nio-8101-exec-9] assign washer to order end point accessed
2022-11-18 23:57:36,225 INFO com.cw.springsecurityjwt.controllers.adminController [http-nio-8101-exec-1] find unassigned end point accessed
2022-11-18 23:57:51,641 INFO com.cw.springsecurityjwt.controllers.adminController [http-nio-8101-exec-3] find all washpacks end point accessed
2022-11-18 23:57:59,749 INFO com.cw.springsecurityjwt.controllers.adminController [http-nio-8101-exec-2] find all washpacks end point accessed
