2022-11-21 16:17:00,390 INFO com.cw.springsecurityjwt.controllers.adminController [http-nio-8101-exec-6] find all washpacks end point accessed
2022-11-21 16:17:00,403 INFO com.cw.springsecurityjwt.controllers.adminController [http-nio-8101-exec-5] find one washpack by id end point accessed
2022-11-21 16:17:20,256 INFO com.cw.springsecurityjwt.controllers.adminController [http-nio-8101-exec-7] find cost by washpack name end point accessed
2022-11-21 16:21:46,029 INFO com.cw.springsecurityjwt.controllers.adminController [http-nio-8101-exec-10] find cost by washpack name end point accessed
2022-11-21 16:22:20,531 INFO com.cw.springsecurityjwt.controllers.adminController [http-nio-8101-exec-1] find cost by washpack name end point accessed
2022-11-21 16:31:05,600 INFO com.cw.springsecurityjwt.controllers.adminController [http-nio-8101-exec-3] find all washpacks end point accessed
2022-11-21 16:31:32,124 INFO com.cw.springsecurityjwt.controllers.adminController [http-nio-8101-exec-4] find all washpacks end point accessed
2022-11-21 16:32:50,337 INFO com.cw.springsecurityjwt.controllers.adminController [http-nio-8101-exec-7] find all washpacks end point accessed
2022-11-21 17:45:50,339 INFO com.cw.springsecurityjwt.controllers.adminController [http-nio-8101-exec-6] find all washpacks end point accessed
2022-11-21 17:51:13,943 INFO com.cw.springsecurityjwt.controllers.adminController [http-nio-8101-exec-7] find all washpacks end point accessed
2022-11-21 17:51:20,561 INFO com.cw.springsecurityjwt.controllers.adminController [http-nio-8101-exec-9] find all washpacks end point accessed
2022-11-21 17:51:20,565 INFO com.cw.springsecurityjwt.controllers.adminController [http-nio-8101-exec-8] find one washpack by id end point accessed
2022-11-21 17:51:37,664 INFO com.cw.springsecurityjwt.controllers.adminController [http-nio-8101-exec-4] find cost by washpack name end point accessed
2022-11-21 17:53:31,404 INFO com.cw.springsecurityjwt.controllers.adminController [http-nio-8101-exec-10] find all washpacks end point accessed
2022-11-21 17:54:17,988 INFO com.cw.springsecurityjwt.controllers.adminController [http-nio-8101-exec-6] find all washpacks end point accessed
2022-11-21 17:55:41,470 INFO com.cw.springsecurityjwt.controllers.adminController [http-nio-8101-exec-8] find all washpacks end point accessed
2022-11-21 17:55:54,208 INFO com.cw.springsecurityjwt.controllers.AuthenticateController [http-nio-8101-exec-4] login end point accessed
2022-11-21 17:55:55,475 INFO com.cw.springsecurityjwt.controllers.adminController [http-nio-8101-exec-3] find all washpacks end point accessed
2022-11-21 17:56:15,062 INFO com.cw.springsecurityjwt.controllers.adminController [http-nio-8101-exec-1] add washpack end point accessed
2022-11-21 17:58:29,527 INFO com.cw.springsecurityjwt.SpringSecurityJwtApplication [main] Starting SpringSecurityJwtApplication using Java 18.0.2.1 on DESKTOP-9HEQVES with PID 15392 (C:\ProjectCarWash\spring-security-jwt\target\classes started by win10 in C:\ProjectCarWash\spring-security-jwt)
2022-11-21 17:58:29,529 DEBUG com.cw.springsecurityjwt.SpringSecurityJwtApplication [main] Running with Spring Boot v2.7.3, Spring v5.3.22
2022-11-21 17:58:29,530 INFO com.cw.springsecurityjwt.SpringSecurityJwtApplication [main] No active profile set, falling back to 1 default profile: "default"
2022-11-21 17:58:32,193 DEBUG com.cw.springsecurityjwt.configs.JwtRequestFilter [main] Filter 'jwtRequestFilter' configured for use
2022-11-21 17:58:34,941 INFO com.cw.springsecurityjwt.SpringSecurityJwtApplication [main] Started SpringSecurityJwtApplication in 5.9 seconds (JVM running for 8.523)
2022-11-21 18:15:20,249 INFO com.cw.springsecurityjwt.controllers.adminController [http-nio-8101-exec-1] find all washpacks end point accessed
2022-11-21 18:15:40,941 INFO com.cw.springsecurityjwt.controllers.adminController [http-nio-8101-exec-2] find all washpacks end point accessed
2022-11-21 18:16:51,552 INFO com.cw.springsecurityjwt.controllers.adminController [http-nio-8101-exec-5] find all washpacks end point accessed
2022-11-21 18:18:45,522 INFO com.cw.springsecurityjwt.controllers.adminController [http-nio-8101-exec-7] find all washpacks end point accessed
2022-11-21 18:25:27,783 INFO com.cw.springsecurityjwt.controllers.adminController [http-nio-8101-exec-9] find all washpacks end point accessed
2022-11-21 18:25:57,867 INFO com.cw.springsecurityjwt.controllers.adminController [http-nio-8101-exec-1] find one washpack by id end point accessed
2022-11-21 18:25:57,872 INFO com.cw.springsecurityjwt.controllers.adminController [http-nio-8101-exec-2] find all washpacks end point accessed
2022-11-21 18:26:18,810 INFO com.cw.springsecurityjwt.controllers.adminController [http-nio-8101-exec-3] find cost by washpack name end point accessed
2022-11-21 18:28:24,890 INFO com.cw.springsecurityjwt.controllers.adminController [http-nio-8101-exec-6] find all washpacks end point accessed
2022-11-21 18:28:28,920 INFO com.cw.springsecurityjwt.controllers.adminController [http-nio-8101-exec-7] find all washpacks end point accessed
2022-11-21 18:29:49,399 INFO com.cw.springsecurityjwt.controllers.adminController [http-nio-8101-exec-2] find all washpacks end point accessed
