2022-11-21 12:04:46,294 INFO com.cw.springsecurityjwt.SpringSecurityJwtApplication [main] Starting SpringSecurityJwtApplication using Java 18.0.2.1 on DESKTOP-9HEQVES with PID 4064 (C:\ProjectCarWash\spring-security-jwt\target\classes started by win10 in C:\ProjectCarWash\spring-security-jwt)
2022-11-21 12:04:46,307 DEBUG com.cw.springsecurityjwt.SpringSecurityJwtApplication [main] Running with Spring Boot v2.7.3, Spring v5.3.22
2022-11-21 12:04:46,308 INFO com.cw.springsecurityjwt.SpringSecurityJwtApplication [main] No active profile set, falling back to 1 default profile: "default"
2022-11-21 12:04:54,461 DEBUG com.cw.springsecurityjwt.configs.JwtRequestFilter [main] Filter 'jwtRequestFilter' configured for use
2022-11-21 12:05:00,132 INFO com.cw.springsecurityjwt.SpringSecurityJwtApplication [main] Started SpringSecurityJwtApplication in 14.958 seconds (JVM running for 19.131)
2022-11-21 12:10:34,460 INFO com.cw.springsecurityjwt.controllers.adminController [http-nio-8101-exec-1] find all washpacks end point accessed
2022-11-21 12:12:02,518 INFO com.cw.springsecurityjwt.controllers.adminController [http-nio-8101-exec-3] find all washpacks end point accessed
2022-11-21 12:12:23,382 INFO com.cw.springsecurityjwt.controllers.adminController [http-nio-8101-exec-5] find all washpacks end point accessed
2022-11-21 12:12:24,907 INFO com.cw.springsecurityjwt.controllers.adminController [http-nio-8101-exec-4] find one washpack by id end point accessed
2022-11-21 12:12:45,500 INFO com.cw.springsecurityjwt.controllers.adminController [http-nio-8101-exec-6] find cost by washpack name end point accessed
2022-11-21 12:14:44,653 INFO com.cw.springsecurityjwt.controllers.adminController [http-nio-8101-exec-9] find all washpacks end point accessed
2022-11-21 12:17:57,690 INFO com.cw.springsecurityjwt.controllers.adminController [http-nio-8101-exec-1] find all washpacks end point accessed
2022-11-21 12:18:01,237 INFO com.cw.springsecurityjwt.controllers.adminController [http-nio-8101-exec-2] find all washpacks end point accessed
2022-11-21 12:18:17,813 INFO com.cw.springsecurityjwt.controllers.AuthenticateController [http-nio-8101-exec-3] login end point accessed
2022-11-21 12:18:19,711 INFO com.cw.springsecurityjwt.controllers.adminController [http-nio-8101-exec-5] find all washpacks end point accessed
2022-11-21 12:18:39,900 INFO com.cw.springsecurityjwt.controllers.adminController [http-nio-8101-exec-4] find all washpacks end point accessed
2022-11-21 12:19:45,327 INFO com.cw.springsecurityjwt.controllers.adminController [http-nio-8101-exec-8] find all washpacks end point accessed
2022-11-21 12:20:47,156 INFO com.cw.springsecurityjwt.controllers.adminController [http-nio-8101-exec-10] find all washpacks end point accessed
2022-11-21 13:55:49,561 INFO com.cw.springsecurityjwt.controllers.adminController [http-nio-8101-exec-5] find all washpacks end point accessed
2022-11-21 15:46:07,849 INFO com.cw.springsecurityjwt.SpringSecurityJwtApplication [main] Starting SpringSecurityJwtApplication using Java 18.0.2.1 on DESKTOP-9HEQVES with PID 424 (C:\ProjectCarWash\spring-security-jwt\target\classes started by win10 in C:\ProjectCarWash\spring-security-jwt)
2022-11-21 15:46:07,851 DEBUG com.cw.springsecurityjwt.SpringSecurityJwtApplication [main] Running with Spring Boot v2.7.3, Spring v5.3.22
2022-11-21 15:46:07,852 INFO com.cw.springsecurityjwt.SpringSecurityJwtApplication [main] No active profile set, falling back to 1 default profile: "default"
2022-11-21 15:46:11,353 DEBUG com.cw.springsecurityjwt.configs.JwtRequestFilter [main] Filter 'jwtRequestFilter' configured for use
2022-11-21 15:46:14,613 INFO com.cw.springsecurityjwt.SpringSecurityJwtApplication [main] Started SpringSecurityJwtApplication in 7.78 seconds (JVM running for 8.56)
2022-11-21 16:10:02,414 INFO com.cw.springsecurityjwt.controllers.adminController [http-nio-8101-exec-1] find all washpacks end point accessed
2022-11-21 16:10:24,514 INFO com.cw.springsecurityjwt.controllers.adminController [http-nio-8101-exec-2] find all washpacks end point accessed
2022-11-21 16:11:04,152 INFO com.cw.springsecurityjwt.controllers.adminController [http-nio-8101-exec-4] find all washpacks end point accessed
2022-11-21 16:11:05,103 INFO com.cw.springsecurityjwt.controllers.adminController [http-nio-8101-exec-3] find one washpack by id end point accessed
2022-11-21 16:11:35,005 INFO com.cw.springsecurityjwt.controllers.adminController [http-nio-8101-exec-5] find cost by washpack name end point accessed
2022-11-21 16:16:33,517 INFO com.cw.springsecurityjwt.controllers.adminController [http-nio-8101-exec-1] find all washpacks end point accessed
2022-11-21 16:16:36,630 INFO com.cw.springsecurityjwt.controllers.adminController [http-nio-8101-exec-3] find all washpacks end point accessed
2022-11-21 16:16:37,074 INFO com.cw.springsecurityjwt.controllers.adminController [http-nio-8101-exec-2] find one washpack by id end point accessed
2022-11-21 16:16:57,750 INFO com.cw.springsecurityjwt.controllers.adminController [http-nio-8101-exec-4] find all washpacks end point accessed
