2022-11-18 12:41:14,961 INFO com.cw.order.OrderApplication [main] Starting OrderApplication using Java 18.0.2.1 on DESKTOP-9HEQVES with PID 15564 (C:\ProjectCarWash\order\target\classes started by win10 in C:\ProjectCarWash\order)
2022-11-18 12:41:14,969 DEBUG com.cw.order.OrderApplication [main] Running with Spring Boot v2.7.3, Spring v5.3.22
2022-11-18 12:41:14,970 INFO com.cw.order.OrderApplication [main] No active profile set, falling back to 1 default profile: "default"
2022-11-18 12:41:23,490 INFO com.cw.order.OrderApplication [main] Started OrderApplication in 9.616 seconds (JVM running for 11.76)
2022-11-18 12:49:56,008 INFO com.cw.order.controller.orderController [http-nio-8097-exec-1] find  orders by mail id end point accessed
2022-11-18 12:50:56,522 INFO com.cw.order.controller.orderController [http-nio-8097-exec-2] add order end point accessed
2022-11-18 12:51:08,442 INFO com.cw.order.controller.orderController [http-nio-8097-exec-4] find  orders by mail id end point accessed
2022-11-18 12:51:24,209 INFO com.cw.order.controller.orderController [http-nio-8097-exec-5] find  orders by mail id end point accessed
2022-11-18 12:51:45,271 INFO com.cw.order.controller.orderController [http-nio-8097-exec-6] find  orders by mail id end point accessed
2022-11-18 12:52:02,874 INFO com.cw.order.controller.orderController [http-nio-8097-exec-8] update order end point accessed
2022-11-18 12:52:19,751 INFO com.cw.order.controller.orderController [http-nio-8097-exec-9] find  orders by mail id end point accessed
2022-11-18 12:52:52,243 INFO com.cw.order.controller.orderController [http-nio-8097-exec-10] find  orders by mail id end point accessed
2022-11-18 12:53:07,405 INFO com.cw.order.controller.orderController [http-nio-8097-exec-1] cancel order end point accessed
2022-11-18 12:53:17,050 INFO com.cw.order.controller.orderController [http-nio-8097-exec-2] find  orders by mail id end point accessed
2022-11-18 12:53:47,970 INFO com.cw.order.controller.orderController [http-nio-8097-exec-3] find  orders by mail id end point accessed
2022-11-18 12:54:10,718 INFO com.cw.order.controller.orderController [http-nio-8097-exec-5] find  orders by mail id end point accessed
2022-11-18 12:55:56,967 INFO com.cw.order.controller.orderController [http-nio-8097-exec-7] find  orders by mail id end point accessed
2022-11-18 12:57:25,308 INFO com.cw.order.controller.orderController [http-nio-8097-exec-9] find  orders by mail id end point accessed
2022-11-18 12:59:31,257 INFO com.cw.order.controller.orderController [http-nio-8097-exec-1] find unassigned orders end point accessed
2022-11-18 13:00:04,633 INFO com.cw.order.controller.orderController [http-nio-8097-exec-2] find unassigned orders end point accessed
2022-11-18 13:05:03,626 INFO com.cw.order.controller.orderController [http-nio-8097-exec-4] find unassigned orders end point accessed
2022-11-18 13:07:23,152 INFO com.cw.order.controller.orderController [http-nio-8097-exec-6] find unassigned orders end point accessed
2022-11-18 13:11:50,564 INFO com.cw.order.controller.orderController [http-nio-8097-exec-8] find unassigned orders end point accessed
2022-11-18 13:13:55,387 INFO com.cw.order.controller.orderController [http-nio-8097-exec-10] find unassigned orders end point accessed
