2022-11-18 18:11:35,904 INFO com.cw.order.controller.orderController [http-nio-8097-exec-10] find unassigned orders end point accessed
2022-11-18 18:11:40,670 INFO com.cw.order.controller.orderController [http-nio-8097-exec-1] assign washer end point accessed
2022-11-18 18:11:46,150 INFO com.cw.order.controller.orderController [http-nio-8097-exec-2] find unassigned orders end point accessed
2022-11-18 18:11:53,018 INFO com.cw.order.controller.orderController [http-nio-8097-exec-3] find unassigned orders end point accessed
2022-11-18 18:12:01,615 INFO com.cw.order.controller.orderController [http-nio-8097-exec-4] find unassigned orders end point accessed
2022-11-18 18:12:05,258 INFO com.cw.order.controller.orderController [http-nio-8097-exec-5] find unassigned orders end point accessed
2022-11-18 18:13:07,159 INFO com.cw.order.controller.orderController [http-nio-8097-exec-7] find unassigned orders end point accessed
2022-11-18 18:13:49,358 INFO com.cw.order.controller.orderController [http-nio-8097-exec-8] find  orders by mail id end point accessed
2022-11-18 18:14:37,355 INFO com.cw.order.controller.orderController [http-nio-8097-exec-10] find  orders by mail id end point accessed
2022-11-18 18:17:49,168 INFO com.cw.order.controller.orderController [http-nio-8097-exec-1] find  orders by mail id end point accessed
2022-11-18 18:18:29,541 INFO com.cw.order.controller.orderController [http-nio-8097-exec-2] add order end point accessed
2022-11-18 18:18:45,955 INFO com.cw.order.controller.orderController [http-nio-8097-exec-3] add order end point accessed
2022-11-18 18:19:03,424 INFO com.cw.order.controller.orderController [http-nio-8097-exec-5] add order end point accessed
2022-11-18 18:19:10,694 INFO com.cw.order.controller.orderController [http-nio-8097-exec-6] find  orders by mail id end point accessed
2022-11-18 18:19:54,889 INFO com.cw.order.controller.orderController [http-nio-8097-exec-7] find unassigned orders end point accessed
2022-11-18 18:20:01,709 INFO com.cw.order.controller.orderController [http-nio-8097-exec-9] reject order end point accessed
2022-11-18 18:20:04,674 INFO com.cw.order.controller.orderController [http-nio-8097-exec-10] find unassigned orders end point accessed
2022-11-18 18:20:19,922 INFO com.cw.order.controller.orderController [http-nio-8097-exec-2] find unassigned orders end point accessed
2022-11-18 18:23:28,569 INFO com.cw.order.controller.orderController [http-nio-8097-exec-6] reject order end point accessed
2022-11-18 18:23:32,616 INFO com.cw.order.controller.orderController [http-nio-8097-exec-7] find unassigned orders end point accessed
2022-11-18 18:23:46,882 INFO com.cw.order.controller.orderController [http-nio-8097-exec-8] reject order end point accessed
2022-11-18 18:23:49,548 INFO com.cw.order.controller.orderController [http-nio-8097-exec-10] find unassigned orders end point accessed
2022-11-18 18:23:57,366 INFO com.cw.order.controller.orderController [http-nio-8097-exec-1] assign washer end point accessed
2022-11-18 18:24:15,833 INFO com.cw.order.controller.orderController [http-nio-8097-exec-3] update status end point accessed
2022-11-18 18:24:18,708 INFO com.cw.order.controller.orderController [http-nio-8097-exec-4] find unassigned orders end point accessed
2022-11-18 18:26:33,169 INFO com.cw.order.controller.orderController [http-nio-8097-exec-7] find unassigned orders end point accessed
2022-11-18 18:31:34,133 INFO com.cw.order.controller.orderController [http-nio-8097-exec-8] find unassigned orders end point accessed
2022-11-18 18:34:14,142 INFO com.cw.order.controller.orderController [http-nio-8097-exec-1] assign washer end point accessed
2022-11-18 18:34:18,581 INFO com.cw.order.controller.orderController [http-nio-8097-exec-2] assign washer end point accessed
2022-11-18 18:36:29,055 INFO com.cw.order.controller.orderController [http-nio-8097-exec-3] find unassigned orders end point accessed
2022-11-18 18:36:41,490 INFO com.cw.order.controller.orderController [http-nio-8097-exec-4] assign washer end point accessed
2022-11-18 18:36:50,356 INFO com.cw.order.controller.orderController [http-nio-8097-exec-5] assign washer end point accessed
2022-11-18 18:36:59,603 INFO com.cw.order.controller.orderController [http-nio-8097-exec-6] find unassigned orders end point accessed
2022-11-18 18:42:03,829 INFO com.cw.order.controller.orderController [http-nio-8097-exec-9] find  orders by mail id end point accessed
2022-11-18 18:46:09,770 INFO com.cw.order.controller.orderController [http-nio-8097-exec-10] find  orders by mail id end point accessed
2022-11-18 18:46:39,458 INFO com.cw.order.controller.orderController [http-nio-8097-exec-1] find  orders by mail id end point accessed
2022-11-18 18:56:09,105 INFO com.cw.order.controller.orderController [http-nio-8097-exec-3] find  orders by mail id end point accessed
2022-11-18 18:56:25,629 INFO com.cw.order.controller.orderController [http-nio-8097-exec-4] find  orders by mail id end point accessed
2022-11-18 18:56:38,720 INFO com.cw.order.controller.orderController [http-nio-8097-exec-5] find  orders by mail id end point accessed
