2022-11-08 11:40:23,398 INFO com.cw.order.OrderApplication [main] Starting OrderApplication using Java 18.0.2.1 on DESKTOP-9HEQVES with PID 15448 (C:\ProjectCarWash\order\target\classes started by win10 in C:\ProjectCarWash\order)
2022-11-08 11:40:23,404 DEBUG com.cw.order.OrderApplication [main] Running with Spring Boot v2.7.3, Spring v5.3.22
2022-11-08 11:40:23,406 INFO com.cw.order.OrderApplication [main] No active profile set, falling back to 1 default profile: "default"
2022-11-08 11:40:28,124 INFO com.cw.order.OrderApplication [main] Started OrderApplication in 5.275 seconds (JVM running for 6.727)
2022-11-08 16:36:24,674 INFO com.cw.order.controller.orderController [http-nio-8097-exec-1] find unassigned orders end point accessed
2022-11-08 16:36:28,767 INFO com.cw.order.controller.orderController [http-nio-8097-exec-2] find unassigned orders end point accessed
2022-11-08 16:37:28,152 INFO com.cw.order.controller.orderController [http-nio-8097-exec-3] find unassigned orders end point accessed
2022-11-08 16:37:39,375 INFO com.cw.order.controller.orderController [http-nio-8097-exec-4] assign washer end point accessed
2022-11-08 16:37:42,783 INFO com.cw.order.controller.orderController [http-nio-8097-exec-5] assign washer end point accessed
2022-11-08 16:37:48,331 INFO com.cw.order.controller.orderController [http-nio-8097-exec-6] find unassigned orders end point accessed
2022-11-08 16:39:34,700 INFO com.cw.order.controller.orderController [http-nio-8097-exec-9] find unassigned orders end point accessed
2022-11-08 16:39:42,871 INFO com.cw.order.controller.orderController [http-nio-8097-exec-10] assign washer end point accessed
2022-11-08 16:40:55,118 INFO com.cw.order.controller.orderController [http-nio-8097-exec-2] find  orders by mail id end point accessed
2022-11-08 16:41:23,789 INFO com.cw.order.controller.orderController [http-nio-8097-exec-3] find  orders by mail id end point accessed
2022-11-08 16:42:12,170 INFO com.cw.order.controller.orderController [http-nio-8097-exec-4] cancel order end point accessed
2022-11-08 16:42:22,985 INFO com.cw.order.controller.orderController [http-nio-8097-exec-5] find  orders by mail id end point accessed
2022-11-08 16:57:38,623 INFO com.cw.order.controller.orderController [http-nio-8097-exec-8] find  orders by mail id end point accessed
2022-11-08 17:03:10,083 INFO com.cw.order.controller.orderController [http-nio-8097-exec-10] find  orders by mail id end point accessed
2022-11-08 17:06:41,520 INFO com.cw.order.controller.orderController [http-nio-8097-exec-3] find unassigned orders end point accessed
2022-11-08 17:07:13,680 INFO com.cw.order.controller.orderController [http-nio-8097-exec-4] find unassigned orders end point accessed
2022-11-08 17:09:11,775 INFO com.cw.order.controller.orderController [http-nio-8097-exec-7] find unassigned orders end point accessed
2022-11-08 17:10:04,851 INFO com.cw.order.controller.orderController [http-nio-8097-exec-8] find unassigned orders end point accessed
2022-11-08 20:21:20,648 INFO com.cw.order.controller.orderController [http-nio-8097-exec-10] find  orders by mail id end point accessed
2022-11-08 22:19:07,442 INFO com.cw.order.controller.orderController [http-nio-8097-exec-2] find unassigned orders end point accessed
2022-11-08 22:27:15,415 INFO com.cw.order.controller.orderController [http-nio-8097-exec-4] find unassigned orders end point accessed
2022-11-08 22:27:49,337 INFO com.cw.order.controller.orderController [http-nio-8097-exec-5] find  orders by mail id end point accessed
2022-11-08 22:28:30,640 INFO com.cw.order.controller.orderController [http-nio-8097-exec-7] find  orders by mail id end point accessed
2022-11-08 22:30:33,979 INFO com.cw.order.controller.orderController [http-nio-8097-exec-9] find  orders by mail id end point accessed
2022-11-08 22:32:58,904 INFO com.cw.order.controller.orderController [http-nio-8097-exec-1] find  orders by mail id end point accessed
2022-11-08 22:34:27,931 INFO com.cw.order.controller.orderController [http-nio-8097-exec-3] find  orders by mail id end point accessed
2022-11-08 22:41:23,646 INFO com.cw.order.controller.orderController [http-nio-8097-exec-5] find  orders by mail id end point accessed
