2022-11-11 02:18:08,902 INFO com.cw.order.controller.orderController [http-nio-8097-exec-5] find unassigned orders end point accessed
2022-11-11 12:09:41,014 INFO com.cw.order.OrderApplication [main] Starting OrderApplication using Java 18.0.2.1 on DESKTOP-9HEQVES with PID 8244 (C:\ProjectCarWash\order\target\classes started by win10 in C:\ProjectCarWash\order)
2022-11-11 12:09:41,020 DEBUG com.cw.order.OrderApplication [main] Running with Spring Boot v2.7.3, Spring v5.3.22
2022-11-11 12:09:41,022 INFO com.cw.order.OrderApplication [main] No active profile set, falling back to 1 default profile: "default"
2022-11-11 12:10:00,581 INFO com.cw.order.OrderApplication [main] Started OrderApplication in 22.069 seconds (JVM running for 23.575)
2022-11-11 12:30:11,922 INFO com.cw.order.controller.orderController [http-nio-8097-exec-2] find unassigned orders end point accessed
2022-11-11 14:14:56,884 INFO com.cw.order.controller.orderController [http-nio-8097-exec-6] find unassigned orders end point accessed
2022-11-11 14:25:38,316 INFO com.cw.order.controller.orderController [http-nio-8097-exec-10] find unassigned orders end point accessed
2022-11-11 14:25:59,466 INFO com.cw.order.controller.orderController [http-nio-8097-exec-1] find unassigned orders end point accessed
2022-11-11 14:26:29,807 INFO com.cw.order.controller.orderController [http-nio-8097-exec-4] find unassigned orders end point accessed
2022-11-11 16:43:25,247 INFO com.cw.order.controller.orderController [http-nio-8097-exec-8] find unassigned orders end point accessed
2022-11-11 17:44:48,584 INFO com.cw.order.controller.orderController [http-nio-8097-exec-2] find unassigned orders end point accessed
2022-11-11 17:49:53,180 INFO com.cw.order.controller.orderController [http-nio-8097-exec-6] find unassigned orders end point accessed
2022-11-11 17:50:02,293 INFO com.cw.order.controller.orderController [http-nio-8097-exec-7] find unassigned orders end point accessed
2022-11-11 18:45:11,263 INFO com.cw.order.controller.orderController [http-nio-8097-exec-1] find  orders by mail id end point accessed
2022-11-11 18:57:26,283 INFO com.cw.order.controller.orderController [http-nio-8097-exec-5] find  orders by mail id end point accessed
2022-11-11 18:57:37,996 INFO com.cw.order.controller.orderController [http-nio-8097-exec-8] find  orders by mail id end point accessed
2022-11-11 19:15:28,208 INFO com.cw.order.OrderApplication [main] Starting OrderApplication using Java 18.0.2.1 on DESKTOP-9HEQVES with PID 12984 (C:\ProjectCarWash\order\target\classes started by win10 in C:\ProjectCarWash\order)
2022-11-11 19:15:28,209 DEBUG com.cw.order.OrderApplication [main] Running with Spring Boot v2.7.3, Spring v5.3.22
2022-11-11 19:15:28,210 INFO com.cw.order.OrderApplication [main] No active profile set, falling back to 1 default profile: "default"
2022-11-11 19:15:32,292 INFO com.cw.order.OrderApplication [main] Started OrderApplication in 4.519 seconds (JVM running for 7.961)
2022-11-11 19:16:28,831 INFO com.cw.order.controller.orderController [http-nio-8097-exec-1] find  orders by mail id end point accessed
2022-11-11 19:20:18,609 INFO com.cw.order.controller.orderController [http-nio-8097-exec-3] find  orders by mail id end point accessed
2022-11-11 19:20:38,827 INFO com.cw.order.OrderApplication [main] Starting OrderApplication using Java 18.0.2.1 on DESKTOP-9HEQVES with PID 11788 (C:\ProjectCarWash\order\target\classes started by win10 in C:\ProjectCarWash\order)
2022-11-11 19:20:38,829 DEBUG com.cw.order.OrderApplication [main] Running with Spring Boot v2.7.3, Spring v5.3.22
2022-11-11 19:20:38,829 INFO com.cw.order.OrderApplication [main] No active profile set, falling back to 1 default profile: "default"
2022-11-11 19:20:42,921 INFO com.cw.order.OrderApplication [main] Started OrderApplication in 4.533 seconds (JVM running for 5.251)
