2022-11-21 12:07:10,203 INFO com.cw.order.OrderApplication [main] Starting OrderApplication using Java 18.0.2.1 on DESKTOP-9HEQVES with PID 8676 (C:\ProjectCarWash\order\target\classes started by win10 in C:\ProjectCarWash\order)
2022-11-21 12:07:10,409 DEBUG com.cw.order.OrderApplication [main] Running with Spring Boot v2.7.3, Spring v5.3.22
2022-11-21 12:07:10,411 INFO com.cw.order.OrderApplication [main] No active profile set, falling back to 1 default profile: "default"
2022-11-21 12:07:22,160 INFO com.cw.order.OrderApplication [main] Started OrderApplication in 16.216 seconds (JVM running for 20.746)
2022-11-21 12:14:00,134 INFO com.cw.order.controller.orderController [http-nio-8097-exec-1] add order end point accessed
2022-11-21 12:14:05,827 INFO com.cw.order.controller.orderController [http-nio-8097-exec-2] find  orders by mail id end point accessed
2022-11-21 13:35:37,226 INFO com.cw.order.controller.orderController [http-nio-8097-exec-5] find unassigned orders end point accessed
2022-11-21 13:36:14,213 INFO com.cw.order.controller.orderController [http-nio-8097-exec-6] find unassigned orders end point accessed
2022-11-21 13:39:16,138 INFO com.cw.order.controller.orderController [http-nio-8097-exec-8] find unassigned orders end point accessed
2022-11-21 13:39:44,273 INFO com.cw.order.controller.orderController [http-nio-8097-exec-9] find unassigned orders end point accessed
2022-11-21 15:14:40,431 INFO com.cw.order.controller.orderController [http-nio-8097-exec-3] find unassigned orders end point accessed
2022-11-21 15:52:18,303 INFO com.cw.order.OrderApplication [main] Starting OrderApplication using Java 18.0.2.1 on DESKTOP-9HEQVES with PID 15672 (C:\ProjectCarWash\order\target\classes started by win10 in C:\ProjectCarWash\order)
2022-11-21 15:52:18,304 DEBUG com.cw.order.OrderApplication [main] Running with Spring Boot v2.7.3, Spring v5.3.22
2022-11-21 15:52:18,305 INFO com.cw.order.OrderApplication [main] No active profile set, falling back to 1 default profile: "default"
2022-11-21 15:52:22,356 INFO com.cw.order.OrderApplication [main] Started OrderApplication in 4.475 seconds (JVM running for 5.077)
2022-11-21 16:10:55,045 INFO com.cw.order.controller.orderController [http-nio-8097-exec-1] find  orders by mail id end point accessed
2022-11-21 16:22:09,030 INFO com.cw.order.controller.orderController [http-nio-8097-exec-3] add order end point accessed
2022-11-21 16:23:13,825 INFO com.cw.order.controller.orderController [http-nio-8097-exec-5] add order end point accessed
2022-11-21 16:23:22,509 INFO com.cw.order.controller.orderController [http-nio-8097-exec-6] find  orders by mail id end point accessed
2022-11-21 16:23:47,764 INFO com.cw.order.controller.orderController [http-nio-8097-exec-7] cancel order end point accessed
2022-11-21 17:51:54,900 INFO com.cw.order.controller.orderController [http-nio-8097-exec-3] add order end point accessed
2022-11-21 17:51:59,607 INFO com.cw.order.controller.orderController [http-nio-8097-exec-7] find  orders by mail id end point accessed
2022-11-21 17:52:18,267 INFO com.cw.order.controller.orderController [http-nio-8097-exec-6] find  orders by mail id end point accessed
2022-11-21 17:52:31,360 INFO com.cw.order.controller.orderController [http-nio-8097-exec-8] cancel order end point accessed
2022-11-21 17:52:37,185 INFO com.cw.order.controller.orderController [http-nio-8097-exec-9] find  orders by mail id end point accessed
2022-11-21 17:52:50,393 INFO com.cw.order.controller.orderController [http-nio-8097-exec-10] update order end point accessed
2022-11-21 17:54:54,023 INFO com.cw.order.controller.orderController [http-nio-8097-exec-4] find unassigned orders end point accessed
2022-11-21 17:54:59,220 INFO com.cw.order.controller.orderController [http-nio-8097-exec-3] assign washer end point accessed
2022-11-21 17:55:06,700 INFO com.cw.order.controller.orderController [http-nio-8097-exec-6] reject order end point accessed
2022-11-21 17:55:12,476 INFO com.cw.order.controller.orderController [http-nio-8097-exec-8] update status end point accessed
2022-11-21 18:26:35,564 INFO com.cw.order.controller.orderController [http-nio-8097-exec-7] add order end point accessed
2022-11-21 18:26:41,000 INFO com.cw.order.controller.orderController [http-nio-8097-exec-6] find  orders by mail id end point accessed
2022-11-21 18:26:56,305 INFO com.cw.order.controller.orderController [http-nio-8097-exec-8] cancel order end point accessed
2022-11-21 18:27:02,374 INFO com.cw.order.controller.orderController [http-nio-8097-exec-9] find  orders by mail id end point accessed
2022-11-21 18:27:23,748 INFO com.cw.order.controller.orderController [http-nio-8097-exec-10] cancel order end point accessed
2022-11-21 18:27:30,549 INFO com.cw.order.controller.orderController [http-nio-8097-exec-1] find  orders by mail id end point accessed
2022-11-21 18:27:42,875 INFO com.cw.order.controller.orderController [http-nio-8097-exec-5] update order end point accessed
2022-11-21 18:28:49,270 INFO com.cw.order.controller.orderController [http-nio-8097-exec-7] find unassigned orders end point accessed
