2022-11-12 01:43:52,809 INFO com.cw.order.OrderApplication [main] Starting OrderApplication using Java 18.0.2.1 on DESKTOP-9HEQVES with PID 10756 (C:\ProjectCarWash\order\target\classes started by win10 in C:\ProjectCarWash\order)
2022-11-12 01:43:52,818 DEBUG com.cw.order.OrderApplication [main] Running with Spring Boot v2.7.3, Spring v5.3.22
2022-11-12 01:43:52,819 INFO com.cw.order.OrderApplication [main] No active profile set, falling back to 1 default profile: "default"
2022-11-12 01:44:04,778 INFO com.cw.order.OrderApplication [main] Started OrderApplication in 12.849 seconds (JVM running for 14.312)
2022-11-12 01:45:44,335 INFO com.cw.order.controller.orderController [http-nio-8097-exec-1] find  orders by mail id end point accessed
2022-11-12 01:48:59,362 INFO com.cw.order.controller.orderController [http-nio-8097-exec-3] find  orders by mail id end point accessed
2022-11-12 01:49:05,739 INFO com.cw.order.controller.orderController [http-nio-8097-exec-4] find  orders by mail id end point accessed
2022-11-12 01:49:10,221 INFO com.cw.order.controller.orderController [http-nio-8097-exec-6] find  orders by mail id end point accessed
2022-11-12 01:49:19,670 INFO com.cw.order.controller.orderController [http-nio-8097-exec-5] find  orders by mail id end point accessed
2022-11-12 01:50:13,919 INFO com.cw.order.controller.orderController [http-nio-8097-exec-7] find  orders by mail id end point accessed
2022-11-12 01:50:33,978 INFO com.cw.order.controller.orderController [http-nio-8097-exec-8] find  orders by mail id end point accessed
2022-11-12 01:54:58,635 INFO com.cw.order.controller.orderController [http-nio-8097-exec-10] find  orders by mail id end point accessed
2022-11-12 01:59:00,642 INFO com.cw.order.controller.orderController [http-nio-8097-exec-2] find  orders by mail id end point accessed
2022-11-12 02:02:15,474 INFO com.cw.order.controller.orderController [http-nio-8097-exec-4] find  orders by mail id end point accessed
2022-11-12 02:12:18,912 INFO com.cw.order.controller.orderController [http-nio-8097-exec-5] find unassigned orders end point accessed
2022-11-12 02:13:16,937 INFO com.cw.order.controller.orderController [http-nio-8097-exec-7] find unassigned orders end point accessed
2022-11-12 02:14:24,986 INFO com.cw.order.controller.orderController [http-nio-8097-exec-9] find unassigned orders end point accessed
2022-11-12 02:14:47,079 INFO com.cw.order.controller.orderController [http-nio-8097-exec-10] find unassigned orders end point accessed
2022-11-12 02:15:16,014 INFO com.cw.order.controller.orderController [http-nio-8097-exec-1] find unassigned orders end point accessed
2022-11-12 02:15:17,833 INFO com.cw.order.controller.orderController [http-nio-8097-exec-2] find unassigned orders end point accessed
2022-11-12 02:15:51,105 INFO com.cw.order.controller.orderController [http-nio-8097-exec-4] find unassigned orders end point accessed
2022-11-12 02:16:16,860 INFO com.cw.order.controller.orderController [http-nio-8097-exec-6] find unassigned orders end point accessed
2022-11-12 02:16:20,342 INFO com.cw.order.controller.orderController [http-nio-8097-exec-5] find unassigned orders end point accessed
2022-11-12 02:16:21,677 INFO com.cw.order.controller.orderController [http-nio-8097-exec-7] find unassigned orders end point accessed
2022-11-12 02:18:57,106 INFO com.cw.order.controller.orderController [http-nio-8097-exec-9] find unassigned orders end point accessed
2022-11-12 02:19:15,351 INFO com.cw.order.controller.orderController [http-nio-8097-exec-10] find unassigned orders end point accessed
2022-11-12 02:19:28,615 INFO com.cw.order.controller.orderController [http-nio-8097-exec-1] find unassigned orders end point accessed
2022-11-12 02:19:33,628 INFO com.cw.order.controller.orderController [http-nio-8097-exec-2] find unassigned orders end point accessed
2022-11-12 02:22:09,540 INFO com.cw.order.controller.orderController [http-nio-8097-exec-4] find  orders by mail id end point accessed
2022-11-12 02:22:48,356 INFO com.cw.order.controller.orderController [http-nio-8097-exec-6] find unassigned orders end point accessed
2022-11-12 02:22:50,290 INFO com.cw.order.controller.orderController [http-nio-8097-exec-5] find unassigned orders end point accessed
2022-11-12 02:22:51,899 INFO com.cw.order.controller.orderController [http-nio-8097-exec-7] find unassigned orders end point accessed
2022-11-12 02:29:15,683 INFO com.cw.order.controller.orderController [http-nio-8097-exec-10] find unassigned orders end point accessed
2022-11-12 02:30:14,258 INFO com.cw.order.controller.orderController [http-nio-8097-exec-1] find unassigned orders end point accessed
2022-11-12 02:30:42,869 INFO com.cw.order.controller.orderController [http-nio-8097-exec-2] find unassigned orders end point accessed
2022-11-12 02:31:00,277 INFO com.cw.order.controller.orderController [http-nio-8097-exec-3] find unassigned orders end point accessed
2022-11-12 02:31:39,915 INFO com.cw.order.controller.orderController [http-nio-8097-exec-4] find unassigned orders end point accessed
2022-11-12 02:32:59,788 INFO com.cw.order.controller.orderController [http-nio-8097-exec-5] find unassigned orders end point accessed
