2022-11-18 18:56:50,090 INFO com.cw.order.controller.orderController [http-nio-8097-exec-6] find  orders by mail id end point accessed
2022-11-18 18:57:43,973 INFO com.cw.order.controller.orderController [http-nio-8097-exec-7] find  orders by mail id end point accessed
2022-11-18 18:58:38,921 INFO com.cw.order.controller.orderController [http-nio-8097-exec-9] update order end point accessed
2022-11-18 18:58:43,816 INFO com.cw.order.controller.orderController [http-nio-8097-exec-8] update order end point accessed
2022-11-18 18:58:53,165 INFO com.cw.order.controller.orderController [http-nio-8097-exec-10] find  orders by mail id end point accessed
2022-11-18 18:59:02,186 INFO com.cw.order.controller.orderController [http-nio-8097-exec-1] cancel order end point accessed
2022-11-18 18:59:06,767 INFO com.cw.order.controller.orderController [http-nio-8097-exec-2] find  orders by mail id end point accessed
2022-11-18 19:06:19,455 INFO com.cw.order.controller.orderController [http-nio-8097-exec-5] find  orders by mail id end point accessed
2022-11-18 20:20:19,238 INFO com.cw.order.controller.orderController [http-nio-8097-exec-7] find  orders by mail id end point accessed
2022-11-18 20:21:40,086 INFO com.cw.order.controller.orderController [http-nio-8097-exec-8] find  orders by mail id end point accessed
2022-11-18 20:23:53,590 INFO com.cw.order.controller.orderController [http-nio-8097-exec-1] find  orders by mail id end point accessed
2022-11-18 21:53:54,682 INFO com.cw.order.controller.orderController [http-nio-8097-exec-3] find  orders by mail id end point accessed
2022-11-18 21:55:10,857 INFO com.cw.order.controller.orderController [http-nio-8097-exec-5] find  orders by mail id end point accessed
2022-11-18 22:20:05,120 INFO com.cw.order.controller.orderController [http-nio-8097-exec-7] find  orders by mail id end point accessed
2022-11-18 22:43:48,398 INFO com.cw.order.controller.orderController [http-nio-8097-exec-8] find  orders by mail id end point accessed
2022-11-18 22:51:04,984 INFO com.cw.order.controller.orderController [http-nio-8097-exec-1] find  orders by mail id end point accessed
2022-11-18 23:00:51,433 INFO com.cw.order.controller.orderController [http-nio-8097-exec-3] find  orders by mail id end point accessed
2022-11-18 23:02:25,215 INFO com.cw.order.controller.orderController [http-nio-8097-exec-5] add order end point accessed
2022-11-18 23:02:32,585 INFO com.cw.order.controller.orderController [http-nio-8097-exec-6] find  orders by mail id end point accessed
2022-11-18 23:03:36,189 INFO com.cw.order.controller.orderController [http-nio-8097-exec-8] find  orders by mail id end point accessed
2022-11-18 23:08:20,796 INFO com.cw.order.controller.orderController [http-nio-8097-exec-1] find  orders by mail id end point accessed
2022-11-18 23:10:21,570 INFO com.cw.order.controller.orderController [http-nio-8097-exec-3] find  orders by mail id end point accessed
2022-11-18 23:11:26,426 INFO com.cw.order.controller.orderController [http-nio-8097-exec-5] find  orders by mail id end point accessed
2022-11-18 23:11:39,158 INFO com.cw.order.controller.orderController [http-nio-8097-exec-6] update order end point accessed
2022-11-18 23:11:48,439 INFO com.cw.order.controller.orderController [http-nio-8097-exec-7] cancel order end point accessed
2022-11-18 23:12:08,062 INFO com.cw.order.controller.orderController [http-nio-8097-exec-9] find  orders by mail id end point accessed
2022-11-18 23:14:59,033 INFO com.cw.order.controller.orderController [http-nio-8097-exec-1] find  orders by mail id end point accessed
2022-11-18 23:15:07,824 INFO com.cw.order.controller.orderController [http-nio-8097-exec-2] find  orders by mail id end point accessed
2022-11-18 23:17:31,332 INFO com.cw.order.controller.orderController [http-nio-8097-exec-4] find  orders by mail id end point accessed
2022-11-18 23:18:52,776 INFO com.cw.order.controller.orderController [http-nio-8097-exec-6] find unassigned orders end point accessed
2022-11-18 23:19:23,202 INFO com.cw.order.controller.orderController [http-nio-8097-exec-7] find unassigned orders end point accessed
2022-11-18 23:19:53,148 INFO com.cw.order.controller.orderController [http-nio-8097-exec-9] find unassigned orders end point accessed
2022-11-18 23:26:17,918 INFO com.cw.order.controller.orderController [http-nio-8097-exec-10] find unassigned orders end point accessed
2022-11-18 23:26:57,583 INFO com.cw.order.controller.orderController [http-nio-8097-exec-1] assign washer end point accessed
2022-11-18 23:57:36,357 INFO com.cw.order.controller.orderController [http-nio-8097-exec-3] find unassigned orders end point accessed
