2023-03-21 11:19:49,678 INFO com.cw.springsecurityjwt.SpringSecurityJwtApplication [main] Starting SpringSecurityJwtApplication using Java 18.0.2.1 on DESKTOP-9HEQVES with PID 5180 (C:\ProjectCarWash\spring-security-jwt\target\classes started by win10 in C:\ProjectCarWash\spring-security-jwt)
2023-03-21 11:19:49,686 DEBUG com.cw.springsecurityjwt.SpringSecurityJwtApplication [main] Running with Spring Boot v2.7.3, Spring v5.3.22
2023-03-21 11:19:49,687 INFO com.cw.springsecurityjwt.SpringSecurityJwtApplication [main] No active profile set, falling back to 1 default profile: "default"
2023-03-21 11:20:02,414 DEBUG com.cw.springsecurityjwt.configs.JwtRequestFilter [main] Filter 'jwtRequestFilter' configured for use
2023-03-21 11:20:10,784 INFO com.cw.springsecurityjwt.SpringSecurityJwtApplication [main] Started SpringSecurityJwtApplication in 22.597 seconds (JVM running for 24.997)
2023-03-21 12:28:22,960 INFO com.cw.springsecurityjwt.controllers.adminController [http-nio-8101-exec-1] find all washpacks end point accessed
2023-03-21 12:35:13,713 INFO com.cw.springsecurityjwt.SpringSecurityJwtApplication [main] Starting SpringSecurityJwtApplication using Java 18.0.2.1 on DESKTOP-9HEQVES with PID 12448 (C:\ProjectCarWash\spring-security-jwt\target\classes started by win10 in C:\ProjectCarWash\spring-security-jwt)
2023-03-21 12:35:13,716 DEBUG com.cw.springsecurityjwt.SpringSecurityJwtApplication [main] Running with Spring Boot v2.7.3, Spring v5.3.22
2023-03-21 12:35:13,716 INFO com.cw.springsecurityjwt.SpringSecurityJwtApplication [main] No active profile set, falling back to 1 default profile: "default"
2023-03-21 12:35:15,986 DEBUG com.cw.springsecurityjwt.configs.JwtRequestFilter [main] Filter 'jwtRequestFilter' configured for use
2023-03-21 12:35:18,113 INFO com.cw.springsecurityjwt.SpringSecurityJwtApplication [main] Started SpringSecurityJwtApplication in 4.898 seconds (JVM running for 5.452)
2023-03-21 12:36:33,272 INFO com.cw.springsecurityjwt.controllers.adminController [http-nio-8101-exec-1] find all washpacks end point accessed
2023-03-21 12:36:48,365 INFO com.cw.springsecurityjwt.controllers.adminController [http-nio-8101-exec-3] find all washpacks end point accessed
2023-03-21 12:36:48,865 INFO com.cw.springsecurityjwt.controllers.adminController [http-nio-8101-exec-2] find one washpack by id end point accessed
2023-03-21 12:37:07,988 INFO com.cw.springsecurityjwt.controllers.adminController [http-nio-8101-exec-4] find one washpack by id end point accessed
2023-03-21 12:37:07,996 INFO com.cw.springsecurityjwt.controllers.adminController [http-nio-8101-exec-5] find all washpacks end point accessed
2023-03-21 12:37:16,792 INFO com.cw.springsecurityjwt.controllers.adminController [http-nio-8101-exec-6] find all washpacks end point accessed
2023-03-21 12:37:19,247 INFO com.cw.springsecurityjwt.controllers.adminController [http-nio-8101-exec-7] find one washpack by id end point accessed
2023-03-21 12:37:19,247 INFO com.cw.springsecurityjwt.controllers.adminController [http-nio-8101-exec-8] find all washpacks end point accessed
2023-03-21 12:37:53,182 INFO com.cw.springsecurityjwt.controllers.adminController [http-nio-8101-exec-9] find cost by washpack name end point accessed
2023-03-21 12:38:21,997 INFO com.cw.springsecurityjwt.controllers.adminController [http-nio-8101-exec-1] find all washpacks end point accessed
2023-03-21 12:39:50,412 INFO com.cw.springsecurityjwt.controllers.adminController [http-nio-8101-exec-5] find all washpacks end point accessed
2023-03-21 12:40:20,768 INFO com.cw.springsecurityjwt.controllers.adminController [http-nio-8101-exec-6] find all washpacks end point accessed
2023-03-21 12:40:28,875 INFO com.cw.springsecurityjwt.controllers.adminController [http-nio-8101-exec-7] find all washpacks end point accessed
2023-03-21 12:40:36,510 INFO com.cw.springsecurityjwt.controllers.adminController [http-nio-8101-exec-8] find all washpacks end point accessed
2023-03-21 12:40:46,746 INFO com.cw.springsecurityjwt.controllers.adminController [http-nio-8101-exec-9] find all washpacks end point accessed
